[0.093s] DEBUG:colcon:Command line arguments: ['/usr/bin/colcon', 'build']
[0.094s] DEBUG:colcon:Parsed command line arguments: Namespace(log_base=None, log_level=None, verb_name='build', build_base='build', install_base='install', merge_install=False, symlink_install=False, test_result_base=None, continue_on_error=False, executor='parallel', parallel_workers=12, event_handlers=None, ignore_user_meta=False, metas=['./colcon.meta'], base_paths=['.'], packages_ignore=None, packages_ignore_regex=None, paths=None, packages_up_to=None, packages_up_to_regex=None, packages_above=None, packages_above_and_dependencies=None, packages_above_depth=None, packages_select_by_dep=None, packages_skip_by_dep=None, packages_skip_up_to=None, packages_select_build_failed=False, packages_skip_build_finished=False, packages_select_test_failures=False, packages_skip_test_passed=False, packages_select=None, packages_skip=None, packages_select_regex=None, packages_skip_regex=None, packages_start=None, packages_end=None, allow_overriding=[], cmake_args=None, cmake_target=None, cmake_target_skip_unavailable=False, cmake_clean_cache=False, cmake_clean_first=False, cmake_force_configure=False, ament_cmake_args=None, catkin_cmake_args=None, catkin_skip_building_tests=False, mixin_files=None, mixin=None, verb_parser=<colcon_mixin.mixin.mixin_argument.MixinArgumentDecorator object at 0x7c7bab44b9d0>, verb_extension=<colcon_core.verb.build.BuildVerb object at 0x7c7bab588190>, main=<bound method BuildVerb.main of <colcon_core.verb.build.BuildVerb object at 0x7c7bab588190>>, mixin_verb=('build',))
[0.269s] Level 1:colcon.colcon_core.package_discovery:discover_packages(colcon_meta) check parameters
[0.269s] Level 1:colcon.colcon_core.package_discovery:discover_packages(recursive) check parameters
[0.269s] Level 1:colcon.colcon_core.package_discovery:discover_packages(ignore) check parameters
[0.269s] Level 1:colcon.colcon_core.package_discovery:discover_packages(path) check parameters
[0.269s] Level 1:colcon.colcon_core.package_discovery:discover_packages(colcon_meta) discover
[0.269s] Level 1:colcon.colcon_core.package_discovery:discover_packages(recursive) discover
[0.269s] INFO:colcon.colcon_core.package_discovery:Crawling recursively for packages in '/home/prabashwara/voice_ws'
[0.269s] Level 1:colcon.colcon_core.package_identification:_identify(.) by extensions ['ignore', 'ignore_ament_install']
[0.269s] Level 1:colcon.colcon_core.package_identification:_identify(.) by extension 'ignore'
[0.269s] Level 1:colcon.colcon_core.package_identification:_identify(.) by extension 'ignore_ament_install'
[0.269s] Level 1:colcon.colcon_core.package_identification:_identify(.) by extensions ['colcon_pkg']
[0.269s] Level 1:colcon.colcon_core.package_identification:_identify(.) by extension 'colcon_pkg'
[0.270s] Level 1:colcon.colcon_core.package_identification:_identify(.) by extensions ['colcon_meta']
[0.270s] Level 1:colcon.colcon_core.package_identification:_identify(.) by extension 'colcon_meta'
[0.270s] Level 1:colcon.colcon_core.package_identification:_identify(.) by extensions ['ros']
[0.270s] Level 1:colcon.colcon_core.package_identification:_identify(.) by extension 'ros'
[0.290s] Level 1:colcon.colcon_core.package_identification:_identify(.) by extensions ['cmake', 'python']
[0.290s] Level 1:colcon.colcon_core.package_identification:_identify(.) by extension 'cmake'
[0.290s] Level 1:colcon.colcon_core.package_identification:_identify(.) by extension 'python'
[0.290s] Level 1:colcon.colcon_core.package_identification:_identify(.) by extensions ['python_setup_py']
[0.290s] Level 1:colcon.colcon_core.package_identification:_identify(.) by extension 'python_setup_py'
[0.290s] Level 1:colcon.colcon_core.package_identification:_identify(build) by extensions ['ignore', 'ignore_ament_install']
[0.290s] Level 1:colcon.colcon_core.package_identification:_identify(build) by extension 'ignore'
[0.290s] Level 1:colcon.colcon_core.package_identification:_identify(build) ignored
[0.290s] Level 1:colcon.colcon_core.package_identification:_identify(install) by extensions ['ignore', 'ignore_ament_install']
[0.290s] Level 1:colcon.colcon_core.package_identification:_identify(install) by extension 'ignore'
[0.290s] Level 1:colcon.colcon_core.package_identification:_identify(install) ignored
[0.290s] Level 1:colcon.colcon_core.package_identification:_identify(log) by extensions ['ignore', 'ignore_ament_install']
[0.290s] Level 1:colcon.colcon_core.package_identification:_identify(log) by extension 'ignore'
[0.290s] Level 1:colcon.colcon_core.package_identification:_identify(log) ignored
[0.290s] Level 1:colcon.colcon_core.package_identification:_identify(src) by extensions ['ignore', 'ignore_ament_install']
[0.290s] Level 1:colcon.colcon_core.package_identification:_identify(src) by extension 'ignore'
[0.290s] Level 1:colcon.colcon_core.package_identification:_identify(src) by extension 'ignore_ament_install'
[0.291s] Level 1:colcon.colcon_core.package_identification:_identify(src) by extensions ['colcon_pkg']
[0.291s] Level 1:colcon.colcon_core.package_identification:_identify(src) by extension 'colcon_pkg'
[0.291s] Level 1:colcon.colcon_core.package_identification:_identify(src) by extensions ['colcon_meta']
[0.291s] Level 1:colcon.colcon_core.package_identification:_identify(src) by extension 'colcon_meta'
[0.291s] Level 1:colcon.colcon_core.package_identification:_identify(src) by extensions ['ros']
[0.291s] Level 1:colcon.colcon_core.package_identification:_identify(src) by extension 'ros'
[0.291s] Level 1:colcon.colcon_core.package_identification:_identify(src) by extensions ['cmake', 'python']
[0.291s] Level 1:colcon.colcon_core.package_identification:_identify(src) by extension 'cmake'
[0.291s] Level 1:colcon.colcon_core.package_identification:_identify(src) by extension 'python'
[0.291s] Level 1:colcon.colcon_core.package_identification:_identify(src) by extensions ['python_setup_py']
[0.291s] Level 1:colcon.colcon_core.package_identification:_identify(src) by extension 'python_setup_py'
[0.291s] Level 1:colcon.colcon_core.package_identification:_identify(src/voice_control_robot_package) by extensions ['ignore', 'ignore_ament_install']
[0.291s] Level 1:colcon.colcon_core.package_identification:_identify(src/voice_control_robot_package) by extension 'ignore'
[0.291s] Level 1:colcon.colcon_core.package_identification:_identify(src/voice_control_robot_package) by extension 'ignore_ament_install'
[0.291s] Level 1:colcon.colcon_core.package_identification:_identify(src/voice_control_robot_package) by extensions ['colcon_pkg']
[0.291s] Level 1:colcon.colcon_core.package_identification:_identify(src/voice_control_robot_package) by extension 'colcon_pkg'
[0.291s] Level 1:colcon.colcon_core.package_identification:_identify(src/voice_control_robot_package) by extensions ['colcon_meta']
[0.291s] Level 1:colcon.colcon_core.package_identification:_identify(src/voice_control_robot_package) by extension 'colcon_meta'
[0.291s] Level 1:colcon.colcon_core.package_identification:_identify(src/voice_control_robot_package) by extensions ['ros']
[0.291s] Level 1:colcon.colcon_core.package_identification:_identify(src/voice_control_robot_package) by extension 'ros'
[0.293s] DEBUG:colcon.colcon_core.package_identification:Package 'src/voice_control_robot_package' with type 'ros.ament_cmake' and name 'voice_control_robot_package'
[0.293s] Level 1:colcon.colcon_core.package_discovery:discover_packages(recursive) using defaults
[0.293s] Level 1:colcon.colcon_core.package_discovery:discover_packages(ignore) discover
[0.293s] Level 1:colcon.colcon_core.package_discovery:discover_packages(ignore) using defaults
[0.293s] Level 1:colcon.colcon_core.package_discovery:discover_packages(path) discover
[0.293s] Level 1:colcon.colcon_core.package_discovery:discover_packages(path) using defaults
[0.309s] Level 1:colcon.colcon_core.package_discovery:discover_packages(prefix_path) check parameters
[0.309s] Level 1:colcon.colcon_core.package_discovery:discover_packages(prefix_path) discover
[0.311s] DEBUG:colcon.colcon_installed_package_information.package_discovery:Found 2 installed packages in /home/prabashwara/headless_ws/install
[0.311s] DEBUG:colcon.colcon_installed_package_information.package_discovery:Found 1 installed packages in /home/prabashwara/lidar_ws/install
[0.312s] DEBUG:colcon.colcon_installed_package_information.package_discovery:Found 1 installed packages in /home/prabashwara/odo_ws/install
[0.312s] DEBUG:colcon.colcon_installed_package_information.package_discovery:Found 1 installed packages in /home/prabashwara/sim_ws/install
[0.313s] DEBUG:colcon.colcon_installed_package_information.package_discovery:Found 355 installed packages in /opt/ros/iron
[0.315s] Level 1:colcon.colcon_core.package_discovery:discover_packages(prefix_path) using defaults
[0.355s] Level 5:colcon.colcon_core.verb:set package 'voice_control_robot_package' build argument 'cmake_args' from command line to 'None'
[0.355s] Level 5:colcon.colcon_core.verb:set package 'voice_control_robot_package' build argument 'cmake_target' from command line to 'None'
[0.355s] Level 5:colcon.colcon_core.verb:set package 'voice_control_robot_package' build argument 'cmake_target_skip_unavailable' from command line to 'False'
[0.355s] Level 5:colcon.colcon_core.verb:set package 'voice_control_robot_package' build argument 'cmake_clean_cache' from command line to 'False'
[0.355s] Level 5:colcon.colcon_core.verb:set package 'voice_control_robot_package' build argument 'cmake_clean_first' from command line to 'False'
[0.355s] Level 5:colcon.colcon_core.verb:set package 'voice_control_robot_package' build argument 'cmake_force_configure' from command line to 'False'
[0.355s] Level 5:colcon.colcon_core.verb:set package 'voice_control_robot_package' build argument 'ament_cmake_args' from command line to 'None'
[0.355s] Level 5:colcon.colcon_core.verb:set package 'voice_control_robot_package' build argument 'catkin_cmake_args' from command line to 'None'
[0.355s] Level 5:colcon.colcon_core.verb:set package 'voice_control_robot_package' build argument 'catkin_skip_building_tests' from command line to 'False'
[0.355s] DEBUG:colcon.colcon_core.verb:Building package 'voice_control_robot_package' with the following arguments: {'ament_cmake_args': None, 'build_base': '/home/prabashwara/voice_ws/build/voice_control_robot_package', 'catkin_cmake_args': None, 'catkin_skip_building_tests': False, 'cmake_args': None, 'cmake_clean_cache': False, 'cmake_clean_first': False, 'cmake_force_configure': False, 'cmake_target': None, 'cmake_target_skip_unavailable': False, 'install_base': '/home/prabashwara/voice_ws/install/voice_control_robot_package', 'merge_install': False, 'path': '/home/prabashwara/voice_ws/src/voice_control_robot_package', 'symlink_install': False, 'test_result_base': None}
[0.355s] INFO:colcon.colcon_core.executor:Executing jobs using 'parallel' executor
[0.356s] DEBUG:colcon.colcon_parallel_executor.executor.parallel:run_until_complete
[0.356s] INFO:colcon.colcon_ros.task.ament_cmake.build:Building ROS package in '/home/prabashwara/voice_ws/src/voice_control_robot_package' with build type 'ament_cmake'
[0.356s] INFO:colcon.colcon_cmake.task.cmake.build:Building CMake package in '/home/prabashwara/voice_ws/src/voice_control_robot_package'
[0.358s] INFO:colcon.colcon_core.plugin_system:Skipping extension 'colcon_core.shell.bat': Not used on non-Windows systems
[0.358s] INFO:colcon.colcon_core.shell:Skip shell extension 'powershell' for command environment: Not usable outside of PowerShell
[0.358s] DEBUG:colcon.colcon_core.shell:Skip shell extension 'dsv' for command environment
[0.370s] DEBUG:colcon.colcon_core.event_handler.log_command:Invoking command in '/home/prabashwara/voice_ws/build/voice_control_robot_package': CMAKE_PREFIX_PATH=${CMAKE_PREFIX_PATH}:/home/prabashwara/headless_ws/install/nav2_gps_waypoint_follower_demo:/home/prabashwara/sim_ws/install/nav2_gps_waypoint_follower_demo:/opt/ros/iron /usr/bin/cmake /home/prabashwara/voice_ws/src/voice_control_robot_package -DCMAKE_INSTALL_PREFIX=/home/prabashwara/voice_ws/install/voice_control_robot_package
[1.033s] DEBUG:colcon.colcon_core.event_handler.log_command:Invoked command in '/home/prabashwara/voice_ws/build/voice_control_robot_package' returned '0': CMAKE_PREFIX_PATH=${CMAKE_PREFIX_PATH}:/home/prabashwara/headless_ws/install/nav2_gps_waypoint_follower_demo:/home/prabashwara/sim_ws/install/nav2_gps_waypoint_follower_demo:/opt/ros/iron /usr/bin/cmake /home/prabashwara/voice_ws/src/voice_control_robot_package -DCMAKE_INSTALL_PREFIX=/home/prabashwara/voice_ws/install/voice_control_robot_package
[1.036s] DEBUG:colcon.colcon_core.event_handler.log_command:Invoking command in '/home/prabashwara/voice_ws/build/voice_control_robot_package': CMAKE_PREFIX_PATH=${CMAKE_PREFIX_PATH}:/home/prabashwara/headless_ws/install/nav2_gps_waypoint_follower_demo:/home/prabashwara/sim_ws/install/nav2_gps_waypoint_follower_demo:/opt/ros/iron /usr/bin/cmake --build /home/prabashwara/voice_ws/build/voice_control_robot_package -- -j12 -l12
[1.078s] DEBUG:colcon.colcon_core.event_handler.log_command:Invoked command in '/home/prabashwara/voice_ws/build/voice_control_robot_package' returned '0': CMAKE_PREFIX_PATH=${CMAKE_PREFIX_PATH}:/home/prabashwara/headless_ws/install/nav2_gps_waypoint_follower_demo:/home/prabashwara/sim_ws/install/nav2_gps_waypoint_follower_demo:/opt/ros/iron /usr/bin/cmake --build /home/prabashwara/voice_ws/build/voice_control_robot_package -- -j12 -l12
[1.115s] DEBUG:colcon.colcon_core.event_handler.log_command:Invoking command in '/home/prabashwara/voice_ws/build/voice_control_robot_package': CMAKE_PREFIX_PATH=${CMAKE_PREFIX_PATH}:/home/prabashwara/headless_ws/install/nav2_gps_waypoint_follower_demo:/home/prabashwara/sim_ws/install/nav2_gps_waypoint_follower_demo:/opt/ros/iron /usr/bin/cmake --install /home/prabashwara/voice_ws/build/voice_control_robot_package
[1.126s] Level 1:colcon.colcon_core.environment:create_environment_scripts_only(voice_control_robot_package)
[1.127s] DEBUG:colcon.colcon_core.event_handler.log_command:Invoked command in '/home/prabashwara/voice_ws/build/voice_control_robot_package' returned '0': CMAKE_PREFIX_PATH=${CMAKE_PREFIX_PATH}:/home/prabashwara/headless_ws/install/nav2_gps_waypoint_follower_demo:/home/prabashwara/sim_ws/install/nav2_gps_waypoint_follower_demo:/opt/ros/iron /usr/bin/cmake --install /home/prabashwara/voice_ws/build/voice_control_robot_package
[1.129s] Level 1:colcon.colcon_core.environment:checking '/home/prabashwara/voice_ws/install/voice_control_robot_package' for CMake module files
[1.129s] Level 1:colcon.colcon_core.environment:checking '/home/prabashwara/voice_ws/install/voice_control_robot_package' for CMake config files
[1.130s] Level 1:colcon.colcon_core.shell:create_environment_hook('voice_control_robot_package', 'cmake_prefix_path')
[1.130s] INFO:colcon.colcon_core.shell:Creating environment hook '/home/prabashwara/voice_ws/install/voice_control_robot_package/share/voice_control_robot_package/hook/cmake_prefix_path.ps1'
[1.130s] INFO:colcon.colcon_core.shell:Creating environment descriptor '/home/prabashwara/voice_ws/install/voice_control_robot_package/share/voice_control_robot_package/hook/cmake_prefix_path.dsv'
[1.131s] INFO:colcon.colcon_core.shell:Creating environment hook '/home/prabashwara/voice_ws/install/voice_control_robot_package/share/voice_control_robot_package/hook/cmake_prefix_path.sh'
[1.131s] Level 1:colcon.colcon_core.environment:checking '/home/prabashwara/voice_ws/install/voice_control_robot_package/bin'
[1.131s] Level 1:colcon.colcon_core.environment:checking '/home/prabashwara/voice_ws/install/voice_control_robot_package/lib/pkgconfig/voice_control_robot_package.pc'
[1.131s] Level 1:colcon.colcon_core.environment:checking '/home/prabashwara/voice_ws/install/voice_control_robot_package/lib/python3.10/site-packages'
[1.132s] Level 1:colcon.colcon_core.environment:checking '/home/prabashwara/voice_ws/install/voice_control_robot_package/bin'
[1.132s] INFO:colcon.colcon_core.shell:Creating package script '/home/prabashwara/voice_ws/install/voice_control_robot_package/share/voice_control_robot_package/package.ps1'
[1.133s] INFO:colcon.colcon_core.shell:Creating package descriptor '/home/prabashwara/voice_ws/install/voice_control_robot_package/share/voice_control_robot_package/package.dsv'
[1.133s] INFO:colcon.colcon_core.shell:Creating package script '/home/prabashwara/voice_ws/install/voice_control_robot_package/share/voice_control_robot_package/package.sh'
[1.133s] INFO:colcon.colcon_core.shell:Creating package script '/home/prabashwara/voice_ws/install/voice_control_robot_package/share/voice_control_robot_package/package.bash'
[1.134s] INFO:colcon.colcon_core.shell:Creating package script '/home/prabashwara/voice_ws/install/voice_control_robot_package/share/voice_control_robot_package/package.zsh'
[1.134s] Level 1:colcon.colcon_core.environment:create_file_with_runtime_dependencies(/home/prabashwara/voice_ws/install/voice_control_robot_package/share/colcon-core/packages/voice_control_robot_package)
[1.164s] Level 1:colcon.colcon_core.environment:create_environment_scripts_only(voice_control_robot_package)
[1.164s] Level 1:colcon.colcon_core.environment:checking '/home/prabashwara/voice_ws/install/voice_control_robot_package' for CMake module files
[1.165s] Level 1:colcon.colcon_core.environment:checking '/home/prabashwara/voice_ws/install/voice_control_robot_package' for CMake config files
[1.165s] Level 1:colcon.colcon_core.shell:create_environment_hook('voice_control_robot_package', 'cmake_prefix_path')
[1.165s] INFO:colcon.colcon_core.shell:Creating environment hook '/home/prabashwara/voice_ws/install/voice_control_robot_package/share/voice_control_robot_package/hook/cmake_prefix_path.ps1'
[1.166s] INFO:colcon.colcon_core.shell:Creating environment descriptor '/home/prabashwara/voice_ws/install/voice_control_robot_package/share/voice_control_robot_package/hook/cmake_prefix_path.dsv'
[1.166s] INFO:colcon.colcon_core.shell:Creating environment hook '/home/prabashwara/voice_ws/install/voice_control_robot_package/share/voice_control_robot_package/hook/cmake_prefix_path.sh'
[1.167s] Level 1:colcon.colcon_core.environment:checking '/home/prabashwara/voice_ws/install/voice_control_robot_package/bin'
[1.167s] Level 1:colcon.colcon_core.environment:checking '/home/prabashwara/voice_ws/install/voice_control_robot_package/lib/pkgconfig/voice_control_robot_package.pc'
[1.167s] Level 1:colcon.colcon_core.environment:checking '/home/prabashwara/voice_ws/install/voice_control_robot_package/lib/python3.10/site-packages'
[1.167s] Level 1:colcon.colcon_core.environment:checking '/home/prabashwara/voice_ws/install/voice_control_robot_package/bin'
[1.167s] INFO:colcon.colcon_core.shell:Creating package script '/home/prabashwara/voice_ws/install/voice_control_robot_package/share/voice_control_robot_package/package.ps1'
[1.168s] INFO:colcon.colcon_core.shell:Creating package descriptor '/home/prabashwara/voice_ws/install/voice_control_robot_package/share/voice_control_robot_package/package.dsv'
[1.168s] INFO:colcon.colcon_core.shell:Creating package script '/home/prabashwara/voice_ws/install/voice_control_robot_package/share/voice_control_robot_package/package.sh'
[1.168s] INFO:colcon.colcon_core.shell:Creating package script '/home/prabashwara/voice_ws/install/voice_control_robot_package/share/voice_control_robot_package/package.bash'
[1.169s] INFO:colcon.colcon_core.shell:Creating package script '/home/prabashwara/voice_ws/install/voice_control_robot_package/share/voice_control_robot_package/package.zsh'
[1.169s] Level 1:colcon.colcon_core.environment:create_file_with_runtime_dependencies(/home/prabashwara/voice_ws/install/voice_control_robot_package/share/colcon-core/packages/voice_control_robot_package)
[1.169s] DEBUG:colcon.colcon_parallel_executor.executor.parallel:closing loop
[1.169s] DEBUG:colcon.colcon_parallel_executor.executor.parallel:loop closed
[1.169s] DEBUG:colcon.colcon_parallel_executor.executor.parallel:run_until_complete finished with '0'
[1.170s] DEBUG:colcon.colcon_core.event_reactor:joining thread
[1.174s] INFO:colcon.colcon_core.plugin_system:Skipping extension 'colcon_notification.desktop_notification.terminal_notifier': Not used on non-Darwin systems
[1.174s] INFO:colcon.colcon_core.plugin_system:Skipping extension 'colcon_notification.desktop_notification.win32': Not used on non-Windows systems
[1.174s] INFO:colcon.colcon_notification.desktop_notification:Sending desktop notification using 'notify2'
[1.186s] DEBUG:colcon.colcon_core.event_reactor:joined thread
[1.187s] INFO:colcon.colcon_core.shell:Creating prefix script '/home/prabashwara/voice_ws/install/local_setup.ps1'
[1.189s] INFO:colcon.colcon_core.shell:Creating prefix util module '/home/prabashwara/voice_ws/install/_local_setup_util_ps1.py'
[1.190s] INFO:colcon.colcon_core.shell:Creating prefix chain script '/home/prabashwara/voice_ws/install/setup.ps1'
[1.191s] INFO:colcon.colcon_core.shell:Creating prefix script '/home/prabashwara/voice_ws/install/local_setup.sh'
[1.191s] INFO:colcon.colcon_core.shell:Creating prefix util module '/home/prabashwara/voice_ws/install/_local_setup_util_sh.py'
[1.191s] INFO:colcon.colcon_core.shell:Creating prefix chain script '/home/prabashwara/voice_ws/install/setup.sh'
[1.192s] INFO:colcon.colcon_core.shell:Creating prefix script '/home/prabashwara/voice_ws/install/local_setup.bash'
[1.193s] INFO:colcon.colcon_core.shell:Creating prefix chain script '/home/prabashwara/voice_ws/install/setup.bash'
[1.194s] INFO:colcon.colcon_core.shell:Creating prefix script '/home/prabashwara/voice_ws/install/local_setup.zsh'
[1.194s] INFO:colcon.colcon_core.shell:Creating prefix chain script '/home/prabashwara/voice_ws/install/setup.zsh'
